Can't create daemon: Address already in use at ./parscit-service.pl line 33
Use of uninitialized value in concatenation (.) or string at ./ParsCit/bin/parscit-service.pl line 97.
Use of uninitialized value in concatenation (.) or string at ./ParsCit/bin/parscit-service.pl line 97.
/home2/bibliope/ParsCit/crfpp/.libs/lt-crf_test: error while loading shared libraries: libcrfpp.so.0: cannot open shared object file: No such file or directory
/home2/bibliope/ParsCit/crfpp/.libs/lt-crf_test: error while loading shared libraries: libcrfpp.so.0: cannot open shared object file: No such file or directory
Use of uninitialized value in concatenation (.) or string at ./ParsCit/bin/parscit-service.pl line 97.
/home2/bibliope/ParsCit/crfpp/.libs/lt-crf_test: error while loading shared libraries: libcrfpp.so.0: cannot open shared object file: No such file or directory
warning: no citation text found
Use of uninitialized value in substr at ./ParsCit/bin/parscit-service.pl line 188.
substr outside of string at ./ParsCit/bin/parscit-service.pl line 188.
Use of uninitialized value in substitution (s///) at ./ParsCit/bin/parscit-service.pl line 189.
Use of uninitialized value in substr at ./ParsCit/bin/parscit-service.pl line 188.
substr outside of string at ./ParsCit/bin/parscit-service.pl line 188.
Use of uninitialized value in substitution (s///) at ./ParsCit/bin/parscit-service.pl line 189.
warning: no citation text found
Use of uninitialized value in substr at ./ParsCit/bin/parscit-service.pl line 188.
substr outside of string at ./ParsCit/bin/parscit-service.pl line 188.
Use of uninitialized value in substitution (s///) at ./ParsCit/bin/parscit-service.pl line 189.
Use of uninitialized value in substr at ./ParsCit/bin/parscit-service.pl line 188.
substr outside of string at ./ParsCit/bin/parscit-service.pl line 188.
Use of uninitialized value in substitution (s///) at ./ParsCit/bin/parscit-service.pl line 189.
/home2/bibliope/ParsCit/crfpp/.libs/lt-crf_test: error while loading shared libraries: libcrfpp.so.0: cannot open shared object file: No such file or directory
/home2/bibliope/ParsCit/crfpp/.libs/lt-crf_test: error while loading shared libraries: libcrfpp.so.0: cannot open shared object file: No such file or directory
/home2/bibliope/ParsCit/crfpp/.libs/lt-crf_test: error while loading shared libraries: libcrfpp.so.0: cannot open shared object file: No such file or directory
/home2/bibliope/ParsCit/crfpp/.libs/lt-crf_test: error while loading shared libraries: libcrfpp.so.0: cannot open shared object file: No such file or directory
/home2/bibliope/ParsCit/crfpp/.libs/lt-crf_test: error while loading shared libraries: libcrfpp.so.0: cannot open shared object file: No such file or directory
